2024-07-17 23:06:22,920 [*] Starting Bitcoin Miner...
2024-07-17 23:06:22,920 [*] Current Bitcoin Address: 121ZFQcP5XhzGnxmKuJR2HEewKJ5oUmsEh
2024-07-17 23:06:22,920 [*] Bitcoin Miner Started
2024-07-17 23:11:32,640 hash: 0000000e8d48f6c7b3929d0c465684cebbaea76507bbb3bbf954fa16a58f460e
2024-07-17 23:24:33,992 [*] Starting Bitcoin Miner...
2024-07-17 23:24:33,992 [*] Current Bitcoin Address: 121ZFQcP5XhzGnxmKuJR2HEewKJ5oUmsEh
2024-07-17 23:24:33,996 [*] Bitcoin Miner Started
2024-07-17 23:25:22,996 [*] Starting Bitcoin Miner...
2024-07-17 23:25:22,996 [*] Current Bitcoin Address: 121ZFQcP5XhzGnxmKuJR2HEewKJ5oUmsEh
2024-07-17 23:25:22,998 [*] Bitcoin Miner Started
2024-07-17 23:30:01,280 [*] Starting Bitcoin Miner...
2024-07-17 23:30:01,281 [*] Current Bitcoin Address: 121ZFQcP5XhzGnxmKuJR2HEewKJ5oUmsEh
2024-07-17 23:30:01,285 [*] Bitcoin Miner Started
2024-07-18 13:07:04,416 [*] Starting Bitcoin Miner...
2024-07-18 13:07:04,417 [*] Current Bitcoin Address: bc1qtwys9m434aywxjasflmkp4uz2pe86raqlyrqd7
2024-07-18 13:07:04,419 [*] Bitcoin Miner Started
2024-07-18 13:10:39,651 [*] Reiniciando
2024-07-18 13:10:41,654 [*] Bitcoin Miner Restarted
2024-07-18 13:23:47,230 [*] Starting Bitcoin Miner...
2024-07-18 13:23:47,231 [*] Current Bitcoin Address: bc1qtwys9m434aywxjasflmkp4uz2pe86raqlyrqd7
2024-07-18 13:23:47,233 [*] Bitcoin Miner Started
2024-07-18 13:25:49,529 [*] Reiniciando
2024-07-18 13:25:51,530 [*] Bitcoin Miner Restarted
2024-07-18 13:44:51,672 [*] Starting Bitcoin Miner...
2024-07-18 13:44:51,673 [*] Current Bitcoin Address: bc1qtwys9m434aywxjasflmkp4uz2pe86raqlyrqd7
2024-07-18 13:44:51,676 [*] Bitcoin Miner Started
2024-07-18 13:47:24,592 [*] Reiniciando
2024-07-18 13:47:26,594 [*] Bitcoin Miner Restarted
2024-07-18 13:49:27,236 [*] Reiniciando
2024-07-18 13:49:29,237 [*] Bitcoin Miner Restarted
2024-07-18 13:54:33,978 [*] Reiniciando
2024-07-18 13:54:35,980 [*] Bitcoin Miner Restarted
2024-07-18 14:10:20,406 [*] Reiniciando
2024-07-18 14:10:22,407 [*] Bitcoin Miner Restarted
2024-07-18 14:16:57,843 [*] Reiniciando
2024-07-18 14:16:59,850 [*] Bitcoin Miner Restarted
2024-07-18 14:18:29,061 [*] Reiniciando
2024-07-18 14:18:31,063 [*] Bitcoin Miner Restarted
2024-07-18 14:30:44,703 [*] Reiniciando
2024-07-18 14:30:46,704 [*] Bitcoin Miner Restarted
2024-07-18 15:51:51,044 [*] Reiniciando
2024-07-18 15:51:53,047 [*] Bitcoin Miner Restarted
2024-07-18 15:55:00,034 [*] Reiniciando
2024-07-18 15:55:02,036 [*] Bitcoin Miner Restarted
2024-07-18 15:55:54,814 hash: 000000055e800488b54c37a8159b75837543cb5d17298fdfdcf091c74aa51e6a
2024-07-18 15:57:32,510 [*] Reiniciando
2024-07-18 15:57:34,512 [*] Bitcoin Miner Restarted
2024-07-18 15:57:35,489 [*] Reiniciando
2024-07-18 15:57:37,490 [*] Bitcoin Miner Restarted
2024-07-18 15:57:38,230 [*] Reiniciando
2024-07-18 15:57:40,230 [*] Bitcoin Miner Restarted
2024-07-18 15:57:41,005 [*] Reiniciando
2024-07-18 15:57:43,007 [*] Bitcoin Miner Restarted
2024-07-18 16:17:58,822 [*] Starting Bitcoin Miner...
2024-07-18 16:17:58,842 [*] Current Bitcoin Address: bc1qtwys9m434aywxjasflmkp4uz2pe86raqlyrqd7
2024-07-18 16:17:58,856 [*] Bitcoin Miner Started
2024-07-18 16:17:59,896 [*] Reiniciando
2024-07-18 16:18:01,898 [*] Bitcoin Miner Restarted
2024-07-18 16:18:02,681 [*] Reiniciando
2024-07-18 16:18:04,682 [*] Bitcoin Miner Restarted
2024-07-18 16:31:44,814 [*] Reiniciando
2024-07-18 16:31:46,816 [*] Bitcoin Miner Restarted
2024-07-18 16:31:48,072 [*] Reiniciando
2024-07-18 16:31:50,080 [*] Bitcoin Miner Restarted
2024-07-18 16:31:51,066 [*] Reiniciando
2024-07-18 16:31:53,067 [*] Bitcoin Miner Restarted
2024-07-18 16:37:51,825 [*] Reiniciando
2024-07-18 16:37:53,827 [*] Bitcoin Miner Restarted
2024-07-18 16:37:54,819 [*] Reiniciando
2024-07-18 16:37:56,820 [*] Bitcoin Miner Restarted
2024-07-18 16:38:22,176 [*] Reiniciando
2024-07-18 16:38:24,176 [*] Bitcoin Miner Restarted
2024-07-18 16:38:24,890 [*] Reiniciando
2024-07-18 16:38:26,891 [*] Bitcoin Miner Restarted
2024-07-18 16:38:27,705 [*] Reiniciando
2024-07-18 16:38:29,706 [*] Bitcoin Miner Restarted
2024-07-18 16:38:30,474 [*] Reiniciando
2024-07-18 16:38:32,477 [*] Bitcoin Miner Restarted
2024-07-19 16:25:54,385 [*] Starting Bitcoin Miner...
2024-07-19 16:25:54,388 [*] Current Bitcoin Address: bc1qtwys9m434aywxjasflmkp4uz2pe86raqlyrqd7
2024-07-19 16:25:54,390 [*] Bitcoin Miner Started
2024-07-19 16:36:12,892 [*] Reiniciando
2024-07-19 16:36:14,894 [*] Bitcoin Miner Restarted
2024-07-19 16:36:16,339 [*] Reiniciando
2024-07-19 16:36:18,342 [*] Bitcoin Miner Restarted
2024-07-19 16:50:45,197 [*] Reiniciando
2024-07-19 16:50:47,205 [*] Bitcoin Miner Restarted
2024-07-19 16:50:48,990 [*] Reiniciando
2024-07-19 16:50:51,096 [*] Bitcoin Miner Restarted
2024-07-19 16:50:53,126 [*] Reiniciando
2024-07-19 16:50:55,142 [*] Bitcoin Miner Restarted
2024-07-19 16:50:57,061 [*] Reiniciando
2024-07-19 16:50:59,066 [*] Bitcoin Miner Restarted
2024-07-19 16:51:03,738 [*] Reiniciando
2024-07-19 16:51:05,786 [*] Bitcoin Miner Restarted
2024-07-19 16:51:08,385 [*] Reiniciando
2024-07-19 16:51:10,388 [*] Bitcoin Miner Restarted
2024-07-19 16:51:12,123 [*] Reiniciando
2024-07-19 16:51:14,124 [*] Bitcoin Miner Restarted
2024-07-19 16:51:16,282 [*] Reiniciando
2024-07-19 16:51:18,296 [*] Bitcoin Miner Restarted
2024-07-19 16:51:20,977 [*] Reiniciando
2024-07-19 16:51:23,027 [*] Bitcoin Miner Restarted
2024-07-19 16:55:31,356 [*] Reiniciando
2024-07-19 16:55:33,394 [*] Bitcoin Miner Restarted
2024-07-19 16:55:34,464 [*] Reiniciando
2024-07-19 16:55:36,470 [*] Bitcoin Miner Restarted
2024-07-19 16:55:39,665 [*] Reiniciando
2024-07-19 16:55:41,990 [*] Bitcoin Miner Restarted
2024-07-19 16:55:43,757 [*] Reiniciando
2024-07-19 16:55:45,856 [*] Bitcoin Miner Restarted
2024-07-19 16:58:07,764 [*] Reiniciando
2024-07-19 16:58:10,083 [*] Bitcoin Miner Restarted
2024-07-19 17:05:52,875 [*] Reiniciando
2024-07-19 17:05:54,878 [*] Bitcoin Miner Restarted
2024-07-19 17:09:55,953 [*] Reiniciando
2024-07-19 17:09:57,953 [*] Bitcoin Miner Restarted
2024-07-19 17:19:34,993 [*] Reiniciando
2024-07-19 17:19:36,994 [*] Bitcoin Miner Restarted
2024-07-19 17:30:55,884 [*] Reiniciando
2024-07-19 17:30:57,885 [*] Bitcoin Miner Restarted
2024-07-19 17:58:02,122 [*] Reiniciando
2024-07-19 17:58:04,123 [*] Bitcoin Miner Restarted
2024-07-19 18:02:38,210 [*] Reiniciando
2024-07-19 18:02:40,211 [*] Bitcoin Miner Restarted
2024-07-19 18:04:10,643 [*] Reiniciando
2024-07-19 18:04:12,644 [*] Bitcoin Miner Restarted
2024-07-19 18:05:43,852 [*] Reiniciando
2024-07-19 18:05:45,854 [*] Bitcoin Miner Restarted
2024-07-19 18:05:46,770 [*] Reiniciando
2024-07-19 18:05:48,777 [*] Bitcoin Miner Restarted
2024-07-19 18:17:58,675 [*] Reiniciando
2024-07-19 18:18:00,677 [*] Bitcoin Miner Restarted
2024-07-19 18:18:01,723 [*] Reiniciando
2024-07-19 18:18:03,724 [*] Bitcoin Miner Restarted
2024-07-19 18:18:04,521 [*] Reiniciando
2024-07-19 18:18:06,522 [*] Bitcoin Miner Restarted
2024-07-19 18:25:08,992 [*] Reiniciando
2024-07-19 18:25:10,993 [*] Bitcoin Miner Restarted
2024-07-19 18:25:12,000 [*] Reiniciando
2024-07-19 18:25:14,002 [*] Bitcoin Miner Restarted
2024-07-19 18:36:21,535 [*] Reiniciando
2024-07-19 18:36:23,551 [*] Bitcoin Miner Restarted
2024-07-19 18:41:27,412 [*] Reiniciando
2024-07-19 18:41:29,414 [*] Bitcoin Miner Restarted
2024-07-19 18:41:30,924 [*] Reiniciando
2024-07-19 18:41:32,925 [*] Bitcoin Miner Restarted
2024-07-19 18:46:33,642 [*] Reiniciando
2024-07-19 18:46:35,643 [*] Bitcoin Miner Restarted
2024-07-19 18:59:22,172 [*] Reiniciando
2024-07-19 18:59:24,179 [*] Bitcoin Miner Restarted
2024-07-19 18:59:25,259 [*] Reiniciando
2024-07-19 18:59:27,263 [*] Bitcoin Miner Restarted
2024-07-19 18:59:27,993 [*] Reiniciando
2024-07-19 18:59:29,994 [*] Bitcoin Miner Restarted
2024-07-19 19:05:00,029 [*] Reiniciando
2024-07-19 19:05:02,031 [*] Bitcoin Miner Restarted
2024-07-19 19:05:03,139 [*] Reiniciando
2024-07-19 19:05:05,147 [*] Bitcoin Miner Restarted
2024-07-19 19:17:45,456 [*] Reiniciando
2024-07-19 19:17:47,512 [*] Bitcoin Miner Restarted
2024-07-19 19:24:50,705 hash: 0000000f8457f3bab75f318b20815e0e7b700830b4d4b728cedba8734a7fcdb5
2024-07-19 19:28:59,173 [*] Reiniciando
2024-07-19 19:29:01,176 [*] Bitcoin Miner Restarted
2024-07-19 19:29:02,594 [*] Reiniciando
2024-07-19 19:29:04,614 [*] Bitcoin Miner Restarted
2024-07-19 19:33:03,920 [*] Reiniciando
2024-07-19 19:33:05,922 [*] Bitcoin Miner Restarted
2024-07-19 19:33:06,745 [*] Reiniciando
2024-07-19 19:33:08,745 [*] Bitcoin Miner Restarted
2024-07-19 23:19:53,632 [*] Reiniciando
2024-07-19 23:19:55,832 [*] Bitcoin Miner Restarted
2024-07-19 23:27:03,348 [*] Reiniciando
2024-07-19 23:27:05,350 [*] Bitcoin Miner Restarted
2024-07-19 23:27:06,430 [*] Reiniciando
2024-07-19 23:27:08,433 [*] Bitcoin Miner Restarted
2024-07-19 23:39:15,665 [*] Reiniciando
2024-07-19 23:39:17,668 [*] Bitcoin Miner Restarted
2024-07-19 23:39:18,954 [*] Reiniciando
2024-07-19 23:39:20,956 [*] Bitcoin Miner Restarted
2024-07-19 23:39:21,770 [*] Reiniciando
2024-07-19 23:39:23,771 [*] Bitcoin Miner Restarted
2024-07-19 23:48:54,815 [*] Reiniciando
2024-07-19 23:48:56,816 [*] Bitcoin Miner Restarted
2024-07-19 23:55:31,771 [*] Reiniciando
2024-07-19 23:55:34,417 [*] Bitcoin Miner Restarted
2024-07-19 23:55:38,338 [*] Reiniciando
2024-07-19 23:55:40,346 [*] Bitcoin Miner Restarted
2024-07-20 00:08:15,412 [*] Reiniciando
2024-07-20 00:08:17,413 [*] Bitcoin Miner Restarted
2024-07-20 00:14:23,101 [*] Reiniciando
2024-07-20 00:14:25,103 [*] Bitcoin Miner Restarted
2024-07-20 00:14:26,106 [*] Reiniciando
2024-07-20 00:14:28,108 [*] Bitcoin Miner Restarted
2024-07-20 00:22:01,849 [*] Reiniciando
2024-07-20 00:22:03,850 [*] Bitcoin Miner Restarted
2024-07-20 00:22:04,963 [*] Reiniciando
2024-07-20 00:22:06,964 [*] Bitcoin Miner Restarted
2024-07-20 00:22:07,700 [*] Reiniciando
2024-07-20 00:22:09,701 [*] Bitcoin Miner Restarted
2024-07-20 00:32:42,930 [*] Reiniciando
2024-07-20 00:32:44,931 [*] Bitcoin Miner Restarted
2024-07-20 00:32:45,873 [*] Reiniciando
2024-07-20 00:32:47,875 [*] Bitcoin Miner Restarted
2024-07-20 00:32:48,682 [*] Reiniciando
2024-07-20 00:32:50,683 [*] Bitcoin Miner Restarted
2024-07-20 00:32:51,463 [*] Reiniciando
2024-07-20 00:32:53,465 [*] Bitcoin Miner Restarted
2024-07-20 00:32:54,403 [*] Reiniciando
2024-07-20 00:32:56,405 [*] Bitcoin Miner Restarted
2024-07-20 00:42:22,746 [*] Reiniciando
2024-07-20 00:42:24,747 [*] Bitcoin Miner Restarted
2024-07-20 00:42:25,880 [*] Reiniciando
2024-07-20 00:42:27,880 [*] Bitcoin Miner Restarted
2024-07-20 00:48:29,713 [*] Reiniciando
2024-07-20 00:48:31,788 [*] Bitcoin Miner Restarted
2024-07-20 00:48:32,966 [*] Reiniciando
2024-07-20 00:48:34,971 [*] Bitcoin Miner Restarted
2024-07-20 00:48:35,750 [*] Reiniciando
2024-07-20 00:48:37,758 [*] Bitcoin Miner Restarted
2024-07-20 00:48:38,888 [*] Reiniciando
2024-07-20 00:48:40,890 [*] Bitcoin Miner Restarted
2024-07-20 00:57:43,363 [*] Reiniciando
2024-07-20 00:57:45,372 [*] Bitcoin Miner Restarted
2024-07-20 01:00:16,910 [*] Reiniciando
2024-07-20 01:00:18,921 [*] Bitcoin Miner Restarted
2024-07-20 01:00:20,032 [*] Reiniciando
2024-07-20 01:00:22,044 [*] Bitcoin Miner Restarted
2024-07-20 01:01:49,041 [*] Reiniciando
2024-07-20 01:01:51,111 [*] Bitcoin Miner Restarted
2024-07-20 01:02:50,150 [*] Reiniciando
2024-07-20 01:02:52,152 [*] Bitcoin Miner Restarted
2024-07-20 01:06:23,962 [*] Reiniciando
2024-07-20 01:06:25,974 [*] Bitcoin Miner Restarted
2024-07-20 01:07:25,153 [*] Reiniciando
2024-07-20 01:07:27,272 [*] Bitcoin Miner Restarted
2024-07-20 01:17:06,405 [*] Reiniciando
2024-07-20 01:17:08,416 [*] Bitcoin Miner Restarted
2024-07-20 01:40:12,202 Erro ao obter altura do bloco: Expecting value: line 1 column 1 (char 0)
2024-07-20 02:00:06,453 [*] Reiniciando
2024-07-20 02:00:08,454 [*] Bitcoin Miner Restarted
2024-07-20 02:00:09,640 [*] Reiniciando
2024-07-20 02:00:11,651 [*] Bitcoin Miner Restarted
2024-07-20 02:00:12,439 [*] Reiniciando
2024-07-20 02:00:14,441 [*] Bitcoin Miner Restarted
2024-07-20 02:00:15,549 [*] Reiniciando
2024-07-20 02:00:17,551 [*] Bitcoin Miner Restarted
2024-07-20 02:00:18,593 [*] Reiniciando
2024-07-20 02:00:20,606 [*] Bitcoin Miner Restarted
2024-07-20 02:04:11,467 [*] Reiniciando
2024-07-20 02:04:13,480 [*] Bitcoin Miner Restarted
2024-07-20 02:06:44,886 [*] Reiniciando
2024-07-20 02:06:46,904 [*] Bitcoin Miner Restarted
2024-07-20 02:12:53,122 [*] Reiniciando
2024-07-20 02:12:55,131 [*] Bitcoin Miner Restarted
2024-07-20 02:12:56,567 [*] Reiniciando
2024-07-20 02:12:58,576 [*] Bitcoin Miner Restarted
2024-07-20 02:19:34,284 [*] Reiniciando
2024-07-20 02:19:36,427 [*] Bitcoin Miner Restarted
2024-07-20 02:24:40,287 [*] Reiniciando
2024-07-20 02:24:42,327 [*] Bitcoin Miner Restarted
2024-07-20 02:27:13,321 [*] Reiniciando
2024-07-20 02:27:15,349 [*] Bitcoin Miner Restarted
2024-07-20 02:27:16,529 [*] Reiniciando
2024-07-20 02:27:18,531 [*] Bitcoin Miner Restarted
2024-07-20 02:27:19,665 [*] Reiniciando
2024-07-20 02:27:21,671 [*] Bitcoin Miner Restarted
2024-07-20 02:29:15,501 [*] Reiniciando
2024-07-20 02:29:17,502 [*] Bitcoin Miner Restarted
2024-07-20 02:29:18,832 [*] Reiniciando
2024-07-20 02:29:20,833 [*] Bitcoin Miner Restarted
2024-07-20 02:29:22,261 [*] Reiniciando
2024-07-20 02:29:24,285 [*] Bitcoin Miner Restarted
2024-07-20 02:29:25,276 [*] Reiniciando
2024-07-20 02:29:27,278 [*] Bitcoin Miner Restarted
2024-07-20 02:31:49,979 [*] Reiniciando
2024-07-20 02:31:51,990 [*] Bitcoin Miner Restarted
2024-07-20 02:40:34,311 [*] Reiniciando
2024-07-20 02:40:36,362 [*] Bitcoin Miner Restarted
2024-07-20 02:40:38,593 [*] Reiniciando
2024-07-20 02:40:40,609 [*] Bitcoin Miner Restarted
2024-07-20 02:40:42,808 [*] Reiniciando
2024-07-20 02:40:44,830 [*] Bitcoin Miner Restarted
2024-07-20 02:40:45,870 [*] Reiniciando
2024-07-20 02:40:47,871 [*] Bitcoin Miner Restarted
2024-07-20 02:40:49,044 [*] Reiniciando
2024-07-20 02:40:51,049 [*] Bitcoin Miner Restarted
2024-07-20 02:40:52,127 [*] Reiniciando
2024-07-20 02:40:54,134 [*] Bitcoin Miner Restarted
2024-07-20 02:40:55,099 [*] Reiniciando
2024-07-20 02:40:57,112 [*] Bitcoin Miner Restarted
2024-07-20 02:40:58,657 [*] Reiniciando
2024-07-20 02:41:00,669 [*] Bitcoin Miner Restarted
2024-07-20 02:43:07,820 [*] Reiniciando
2024-07-20 02:43:09,838 [*] Bitcoin Miner Restarted
2024-07-20 02:43:10,722 [*] Reiniciando
2024-07-20 02:43:12,725 [*] Bitcoin Miner Restarted
2024-07-20 02:45:10,381 [*] Reiniciando
2024-07-20 02:45:12,388 [*] Bitcoin Miner Restarted
2024-07-20 02:45:13,332 [*] Reiniciando
2024-07-20 02:45:15,334 [*] Bitcoin Miner Restarted
2024-07-20 02:45:16,204 [*] Reiniciando
2024-07-20 02:45:18,212 [*] Bitcoin Miner Restarted
2024-07-20 03:09:16,101 [*] Reiniciando
2024-07-20 03:09:18,118 [*] Bitcoin Miner Restarted
2024-07-20 03:09:19,543 [*] Reiniciando
2024-07-20 03:09:21,550 [*] Bitcoin Miner Restarted
2024-07-20 03:09:22,485 [*] Reiniciando
2024-07-20 03:09:24,597 [*] Bitcoin Miner Restarted
2024-07-20 03:14:23,900 [*] Reiniciando
2024-07-20 03:14:25,901 [*] Bitcoin Miner Restarted
2024-07-20 03:14:27,059 [*] Reiniciando
2024-07-20 03:14:29,062 [*] Bitcoin Miner Restarted
2024-07-20 03:16:25,915 [*] Reiniciando
2024-07-20 03:16:27,916 [*] Bitcoin Miner Restarted
2024-09-02 14:23:44,907 [*] Starting Bitcoin Miner...
2024-09-02 14:23:44,908 [*] Current Bitcoin Address: bc1qtwys9m434aywxjasflmkp4uz2pe86raqlyrqd7
2024-09-02 14:23:44,922 [*] Bitcoin Miner Started
2024-09-02 14:25:49,243 [*] Reiniciando
2024-09-02 14:25:51,252 [*] Bitcoin Miner Restarted
2024-09-02 14:30:55,747 [*] Reiniciando
2024-09-02 14:30:57,791 [*] Bitcoin Miner Restarted
2024-09-02 14:31:57,603 [*] Reiniciando
2024-09-02 14:31:59,708 [*] Bitcoin Miner Restarted
2024-09-02 14:32:00,700 [*] Reiniciando
2024-09-02 14:32:02,703 [*] Bitcoin Miner Restarted
2024-09-02 14:32:03,528 [*] Reiniciando
2024-09-02 14:32:05,529 [*] Bitcoin Miner Restarted
2024-09-02 14:32:06,295 [*] Reiniciando
2024-09-02 14:32:08,301 [*] Bitcoin Miner Restarted
2024-09-02 14:34:29,982 [*] Reiniciando
2024-09-02 14:34:31,983 [*] Bitcoin Miner Restarted
2024-09-02 14:35:00,449 [*] Reiniciando
2024-09-02 14:35:02,451 [*] Bitcoin Miner Restarted
2024-09-02 14:47:43,072 [*] Reiniciando
2024-09-02 14:47:45,113 [*] Bitcoin Miner Restarted
2024-09-02 14:47:46,255 [*] Reiniciando
2024-09-02 14:47:48,256 [*] Bitcoin Miner Restarted
